Unity Editor version:    2020.3.27f1 (e759542391ea)
Branch:                  2020.3/release
Build type:              Release
Batch mode:              YES
macOS version:           Version 11.2.1 (Build 20D74)
Darwin version:          20.3.0
Architecture:            x86_64
Running under Rosetta:   NO
Available memory:        16384 MB
Using pre-set license
Pro License: NO

COMMAND LINE ARGUMENTS:
/Applications/2020.3.27f1/Unity.app/Contents/MacOS/Unity
-adb2
-batchMode
-noUpm
-name
AssetImportWorker0
-projectPath
/Users/game12/2D Game Kit
-logFile
Logs/AssetImportWorker0.log
-srvPort
65321
Successfully changed project path to: /Users/game12/2D Game Kit
Could not lock editor preferences. Preferences updates for this instance of Unity will not be saved./Users/game12/2D Game Kit
Using Asset Import Pipeline V2.
Refreshing native plugins compatible for Editor in 46.07 ms, found 2 plugins.
Preloading 0 native plugins for Editor in 0.00 ms.
Initialize engine version: 2020.3.27f1 (e759542391ea)
[Subsystems] Discovering subsystems at path /Applications/2020.3.27f1/Unity.app/Contents/Resources/UnitySubsystems
[Subsystems] Discovering subsystems at path /Users/game12/2D Game Kit/Assets
GfxDevice: creating device client; threaded=0
Renderer: AMD Radeon Pro 5500 XT OpenGL Engine
Vendor:   ATI Technologies Inc.
Version:  4.1 ATI-4.2.15
GLES:     0
 GL_ARB_blend_func_extended GL_ARB_draw_buffers_blend GL_ARB_draw_indirect GL_ARB_ES2_compatibility GL_ARB_explicit_attrib_location GL_ARB_gpu_shader_fp64 GL_ARB_gpu_shader5 GL_ARB_instanced_arrays GL_ARB_internalformat_query GL_ARB_occlusion_query2 GL_ARB_sample_shading GL_ARB_sampler_objects GL_ARB_separate_shader_objects GL_ARB_shader_bit_encoding GL_ARB_shader_subroutine GL_ARB_shading_language_include GL_ARB_tessellation_shader GL_ARB_texture_buffer_object_rgb32 GL_ARB_texture_cube_map_array GL_ARB_texture_gather GL_ARB_texture_query_lod GL_ARB_texture_rgb10_a2ui GL_ARB_texture_storage GL_ARB_texture_swizzle GL_ARB_timer_query GL_ARB_transform_feedback2 GL_ARB_transform_feedback3 GL_ARB_vertex_attrib_64bit GL_ARB_vertex_type_2_10_10_10_rev GL_ARB_viewport_array GL_EXT_debug_label GL_EXT_debug_marker GL_EXT_depth_bounds_test GL_EXT_texture_compression_s3tc GL_EXT_texture_filter_anisotropic GL_EXT_texture_mirror_clamp GL_EXT_texture_sRGB_decode GL_APPLE_client_storage GL_APPLE_container_object_shareable G
L_APPLE_flush_render GL_APPLE_object_purgeable GL_APPLE_rgb_422 GL_APPLE_row_bytes GL_APPLE_texture_range GL_ATI_texture_mirror_once GL_NV_texture_barrier
OPENGL LOG: Creating OpenGL 4.1 graphics device ; Context level  <OpenGL 4.1> ; Context handle -301582848
Initialize mono
Mono path[0] = '/Applications/2020.3.27f1/Unity.app/Contents/Managed'
Mono path[1] = '/Applications/2020.3.27f1/Unity.app/Contents/MonoBleedingEdge/lib/mono/unityjit'
Mono config path = '/Applications/2020.3.27f1/Unity.app/Contents/MonoBleedingEdge/etc'
Using monoOptions --debugger-agent=transport=dt_socket,embedding=1,server=y,suspend=n,address=127.0.0.1:56522
Begin MonoManager ReloadAssembly
Registering precompiled unity dll's ...
Register platform support module: /Applications/2020.3.27f1/Unity.app/Contents/PlaybackEngines/MacStandaloneSupport/UnityEditor.OSXStandalone.Extensions.dll
Registered in 0.000436 seconds.
Native extension for OSXStandalone target not found
Refreshing native plugins compatible for Editor in 42.13 ms, found 2 plugins.
Preloading 0 native plugins for Editor in 0.00 ms.
Mono: successfully reloaded assembly
- Completed reload, in  0.530 seconds
Domain Reload Profiling:
	ReloadAssembly (530ms)
		BeginReloadAssembly (38ms)
			ExecutionOrderSort (0ms)
			DisableScriptedObjects (0ms)
			BackupInstance (0ms)
			ReleaseScriptingObjects (0ms)
			CreateAndSetChildDomain (1ms)
		EndReloadAssembly (427ms)
			LoadAssemblies (38ms)
			RebuildTransferFunctionScriptingTraits (0ms)
			SetupTypeCache (158ms)
			ReleaseScriptCaches (0ms)
			RebuildScriptCaches (31ms)
			SetupLoadedEditorAssemblies (166ms)
				LogAssemblyErrors (0ms)
				InitializePlatformSupportModulesInManaged (4ms)
				SetLoadedEditorAssemblies (0ms)
				RefreshPlugins (42ms)
				BeforeProcessingInitializeOnLoad (7ms)
				ProcessInitializeOnLoadAttributes (88ms)
				ProcessInitializeOnLoadMethodAttributes (25ms)
				AfterProcessingInitializeOnLoad (0ms)
				EditorAssembliesLoaded (0ms)
			ExecutionOrderSort2 (0ms)
			AwakeInstancesAfterBackupRestoration (0ms)
Platform modules already initialized, skipping
Registering precompiled user dll's ...
Registered in 0.003239 seconds.
Begin MonoManager ReloadAssembly
Native extension for OSXStandalone target not found
Refreshing native plugins compatible for Editor in 0.56 ms, found 2 plugins.
Preloading 0 native plugins for Editor in 0.00 ms.
Mono: successfully reloaded assembly
- Completed reload, in  0.978 seconds
Domain Reload Profiling:
	ReloadAssembly (980ms)
		BeginReloadAssembly (140ms)
			ExecutionOrderSort (0ms)
			DisableScriptedObjects (4ms)
			BackupInstance (0ms)
			ReleaseScriptingObjects (0ms)
			CreateAndSetChildDomain (28ms)
		EndReloadAssembly (784ms)
			LoadAssemblies (63ms)
			RebuildTransferFunctionScriptingTraits (0ms)
			SetupTypeCache (305ms)
			ReleaseScriptCaches (0ms)
			RebuildScriptCaches (56ms)
			SetupLoadedEditorAssemblies (263ms)
				LogAssemblyErrors (0ms)
				InitializePlatformSupportModulesInManaged (4ms)
				SetLoadedEditorAssemblies (0ms)
				RefreshPlugins (1ms)
				BeforeProcessingInitializeOnLoad (46ms)
				ProcessInitializeOnLoadAttributes (200ms)
				ProcessInitializeOnLoadMethodAttributes (12ms)
				AfterProcessingInitializeOnLoad (1ms)
				EditorAssembliesLoaded (0ms)
			ExecutionOrderSort2 (0ms)
			AwakeInstancesAfterBackupRestoration (6ms)
Platform modules already initialized, skipping
Validating Project structure ... 0.030134 seconds.
Shader import version has changed; will reimport all shaders...
Upgrading shader files ...0.053403 seconds.
Application.AssetDatabase Initial Script Refresh Start
RefreshInfo: InitialScriptRefreshV2(NoUpdateAssetOptions) scanfilter:  ... 1 filters
RefreshProfiler: Total: 0.000ms
Application.AssetDatabase Initial Script Refresh End
Application.AssetDatabase.Refresh Start
Application.AssetDatabase.Refresh End
RefreshInfo: StopAssetImportingV2(ForceSynchronousImport) scanfilter: 
RefreshProfiler: Total: 0.000ms
Launching external process: /Applications/2020.3.27f1/Unity.app/Contents/Tools/UnityShaderCompiler
Launched and connected shader compiler UnityShaderCompiler after 0.01 seconds
Initializing Unity extensions:
========================================================================
Worker process is ready to serve import requests
Refreshing native plugins compatible for Editor in 0.60 ms, found 2 plugins.
Preloading 0 native plugins for Editor in 0.00 ms.
Unloading 2063 Unused Serialized files (Serialized files now loaded: 0)
System memory in use before: 215.1 MB.
System memory in use after: 214.5 MB.

Unloading 223 unused Assets to reduce memory usage. Loaded Objects now: 2532.
Total: 2.713086 ms (FindLiveObjects: 0.170137 ms CreateObjectMapping: 0.079998 ms MarkObjects: 2.071844 ms  DeleteObjects: 0.390486 ms)

AssetImportParameters requested are different than current active one (requested -> active):
  custom:video-decoder-ogg-theora: a1e56fd34408186e4bbccfd4996cb3dc -> 
  custom:container-muxer-webm: aa71ff27fc2769a1b78a27578f13a17b -> 
  custom:container-demuxer-webm: 4f35f7cbe854078d1ac9338744f61a02 -> 
  custom:container-demuxer-ogg: 62fdf1f143b41e24485cea50d1cbac27 -> 
  custom:video-encoder-webm-vp8: eb34c28f22e8b96e1ab97ce403110664 -> 
  custom:framework-osx-AVFoundation: e770b220cccbd017edd2c1fefb359320 -> 
  custom:video-decoder-webm-vp8: 9c59270c3fd7afecdb556c50c9e8de78 -> 
  custom:audio-decoder-ogg-vorbis: bf7c407c2cedff20999df2af8eb42d56 -> 
  custom:audio-encoder-webm-vorbis: bf7c407c2cedff20999df2af8eb42d56 -> 
========================================================================
Received Import Request.
  path: Assets/2nd Scene.unity
  artifactKey: Guid(54bcc36f938254a079a883d9895a5ba5) Importer(815301076,1909f56bfc062723c751e8b465ee728b)
Start importing Assets/2nd Scene.unity using Guid(54bcc36f938254a079a883d9895a5ba5) Importer(815301076,1909f56bfc062723c751e8b465ee728b)  -> (artifact id: 'dfcff1316087a4e7286f3147b9f1f9f9') in 0.010030 seconds 
  Import took 0.013116 seconds .

========================================================================
Received Prepare
Registering precompiled user dll's ...
Registered in 0.003385 seconds.
Begin MonoManager ReloadAssembly
Native extension for OSXStandalone target not found
Refreshing native plugins compatible for Editor in 0.65 ms, found 2 plugins.
Preloading 0 native plugins for Editor in 0.00 ms.
Mono: successfully reloaded assembly
- Completed reload, in  0.961 seconds
Domain Reload Profiling:
	ReloadAssembly (962ms)
		BeginReloadAssembly (107ms)
			ExecutionOrderSort (0ms)
			DisableScriptedObjects (5ms)
			BackupInstance (0ms)
			ReleaseScriptingObjects (0ms)
			CreateAndSetChildDomain (51ms)
		EndReloadAssembly (795ms)
			LoadAssemblies (66ms)
			RebuildTransferFunctionScriptingTraits (0ms)
			SetupTypeCache (291ms)
			ReleaseScriptCaches (1ms)
			RebuildScriptCaches (43ms)
			SetupLoadedEditorAssemblies (275ms)
				LogAssemblyErrors (0ms)
				InitializePlatformSupportModulesInManaged (4ms)
				SetLoadedEditorAssemblies (1ms)
				RefreshPlugins (1ms)
				BeforeProcessingInitializeOnLoad (76ms)
				ProcessInitializeOnLoadAttributes (183ms)
				ProcessInitializeOnLoadMethodAttributes (10ms)
				AfterProcessingInitializeOnLoad (1ms)
				EditorAssembliesLoaded (0ms)
			ExecutionOrderSort2 (0ms)
			AwakeInstancesAfterBackupRestoration (6ms)
Platform modules already initialized, skipping
Refreshing native plugins compatible for Editor in 0.57 ms, found 2 plugins.
Preloading 0 native plugins for Editor in 0.00 ms.
Unloading 1995 Unused Serialized files (Serialized files now loaded: 0)
System memory in use before: 210.1 MB.
System memory in use after: 210.2 MB.

Unloading 16 unused Assets to reduce memory usage. Loaded Objects now: 2546.
Total: 2.668388 ms (FindLiveObjects: 0.220836 ms CreateObjectMapping: 0.061343 ms MarkObjects: 2.370069 ms  DeleteObjects: 0.015401 ms)

AssetImportParameters requested are different than current active one (requested -> active):
  custom:video-decoder-ogg-theora: a1e56fd34408186e4bbccfd4996cb3dc -> 
  custom:container-muxer-webm: aa71ff27fc2769a1b78a27578f13a17b -> 
  custom:container-demuxer-webm: 4f35f7cbe854078d1ac9338744f61a02 -> 
  custom:container-demuxer-ogg: 62fdf1f143b41e24485cea50d1cbac27 -> 
  custom:video-encoder-webm-vp8: eb34c28f22e8b96e1ab97ce403110664 -> 
  custom:framework-osx-AVFoundation: e770b220cccbd017edd2c1fefb359320 -> 
  custom:video-decoder-webm-vp8: 9c59270c3fd7afecdb556c50c9e8de78 -> 
  custom:audio-decoder-ogg-vorbis: bf7c407c2cedff20999df2af8eb42d56 -> 
  custom:audio-encoder-webm-vorbis: bf7c407c2cedff20999df2af8eb42d56 -> 
========================================================================
Received Prepare
Registering precompiled user dll's ...
Registered in 0.002865 seconds.
Begin MonoManager ReloadAssembly
Native extension for OSXStandalone target not found
Refreshing native plugins compatible for Editor in 0.50 ms, found 2 plugins.
Preloading 0 native plugins for Editor in 0.00 ms.
Mono: successfully reloaded assembly
- Completed reload, in  0.962 seconds
Domain Reload Profiling:
	ReloadAssembly (963ms)
		BeginReloadAssembly (116ms)
			ExecutionOrderSort (0ms)
			DisableScriptedObjects (5ms)
			BackupInstance (0ms)
			ReleaseScriptingObjects (0ms)
			CreateAndSetChildDomain (49ms)
		EndReloadAssembly (792ms)
			LoadAssemblies (67ms)
			RebuildTransferFunctionScriptingTraits (0ms)
			SetupTypeCache (287ms)
			ReleaseScriptCaches (1ms)
			RebuildScriptCaches (42ms)
			SetupLoadedEditorAssemblies (271ms)
				LogAssemblyErrors (0ms)
				InitializePlatformSupportModulesInManaged (3ms)
				SetLoadedEditorAssemblies (0ms)
				RefreshPlugins (1ms)
				BeforeProcessingInitializeOnLoad (77ms)
				ProcessInitializeOnLoadAttributes (179ms)
				ProcessInitializeOnLoadMethodAttributes (9ms)
				AfterProcessingInitializeOnLoad (1ms)
				EditorAssembliesLoaded (0ms)
			ExecutionOrderSort2 (0ms)
			AwakeInstancesAfterBackupRestoration (11ms)
Platform modules already initialized, skipping
Refreshing native plugins compatible for Editor in 0.51 ms, found 2 plugins.
Preloading 0 native plugins for Editor in 0.00 ms.
Unloading 1995 Unused Serialized files (Serialized files now loaded: 0)
System memory in use before: 211.2 MB.
System memory in use after: 211.3 MB.

Unloading 15 unused Assets to reduce memory usage. Loaded Objects now: 2559.
Total: 2.252802 ms (FindLiveObjects: 0.126278 ms CreateObjectMapping: 0.055718 ms MarkObjects: 2.059461 ms  DeleteObjects: 0.010820 ms)

AssetImportParameters requested are different than current active one (requested -> active):
  custom:video-decoder-ogg-theora: a1e56fd34408186e4bbccfd4996cb3dc -> 
  custom:container-muxer-webm: aa71ff27fc2769a1b78a27578f13a17b -> 
  custom:container-demuxer-webm: 4f35f7cbe854078d1ac9338744f61a02 -> 
  custom:container-demuxer-ogg: 62fdf1f143b41e24485cea50d1cbac27 -> 
  custom:video-encoder-webm-vp8: eb34c28f22e8b96e1ab97ce403110664 -> 
  custom:framework-osx-AVFoundation: e770b220cccbd017edd2c1fefb359320 -> 
  custom:video-decoder-webm-vp8: 9c59270c3fd7afecdb556c50c9e8de78 -> 
  custom:audio-decoder-ogg-vorbis: bf7c407c2cedff20999df2af8eb42d56 -> 
  custom:audio-encoder-webm-vorbis: bf7c407c2cedff20999df2af8eb42d56 -> 
========================================================================
Received Prepare
Registering precompiled user dll's ...
Registered in 0.003672 seconds.
Begin MonoManager ReloadAssembly
Native extension for OSXStandalone target not found
Refreshing native plugins compatible for Editor in 0.51 ms, found 2 plugins.
Preloading 0 native plugins for Editor in 0.00 ms.
Mono: successfully reloaded assembly
- Completed reload, in  0.965 seconds
Domain Reload Profiling:
	ReloadAssembly (966ms)
		BeginReloadAssembly (105ms)
			ExecutionOrderSort (0ms)
			DisableScriptedObjects (5ms)
			BackupInstance (0ms)
			ReleaseScriptingObjects (0ms)
			CreateAndSetChildDomain (52ms)
		EndReloadAssembly (806ms)
			LoadAssemblies (62ms)
			RebuildTransferFunctionScriptingTraits (0ms)
			SetupTypeCache (298ms)
			ReleaseScriptCaches (1ms)
			RebuildScriptCaches (44ms)
			SetupLoadedEditorAssemblies (271ms)
				LogAssemblyErrors (0ms)
				InitializePlatformSupportModulesInManaged (4ms)
				SetLoadedEditorAssemblies (0ms)
				RefreshPlugins (1ms)
				BeforeProcessingInitializeOnLoad (77ms)
				ProcessInitializeOnLoadAttributes (179ms)
				ProcessInitializeOnLoadMethodAttributes (9ms)
				AfterProcessingInitializeOnLoad (1ms)
				EditorAssembliesLoaded (0ms)
			ExecutionOrderSort2 (0ms)
			AwakeInstancesAfterBackupRestoration (12ms)
Platform modules already initialized, skipping
Refreshing native plugins compatible for Editor in 0.52 ms, found 2 plugins.
Preloading 0 native plugins for Editor in 0.00 ms.
Unloading 1995 Unused Serialized files (Serialized files now loaded: 0)
System memory in use before: 211.4 MB.
System memory in use after: 211.5 MB.

Unloading 15 unused Assets to reduce memory usage. Loaded Objects now: 2572.
Total: 2.302127 ms (FindLiveObjects: 0.139935 ms CreateObjectMapping: 0.061151 ms MarkObjects: 2.089036 ms  DeleteObjects: 0.011385 ms)

AssetImportParameters requested are different than current active one (requested -> active):
  custom:video-decoder-ogg-theora: a1e56fd34408186e4bbccfd4996cb3dc -> 
  custom:container-muxer-webm: aa71ff27fc2769a1b78a27578f13a17b -> 
  custom:container-demuxer-webm: 4f35f7cbe854078d1ac9338744f61a02 -> 
  custom:container-demuxer-ogg: 62fdf1f143b41e24485cea50d1cbac27 -> 
  custom:video-encoder-webm-vp8: eb34c28f22e8b96e1ab97ce403110664 -> 
  custom:framework-osx-AVFoundation: e770b220cccbd017edd2c1fefb359320 -> 
  custom:video-decoder-webm-vp8: 9c59270c3fd7afecdb556c50c9e8de78 -> 
  custom:audio-decoder-ogg-vorbis: bf7c407c2cedff20999df2af8eb42d56 -> 
  custom:audio-encoder-webm-vorbis: bf7c407c2cedff20999df2af8eb42d56 -> 
========================================================================
Received Prepare
Registering precompiled user dll's ...
Registered in 0.003926 seconds.
Begin MonoManager ReloadAssembly
Native extension for OSXStandalone target not found
Refreshing native plugins compatible for Editor in 0.51 ms, found 2 plugins.
Preloading 0 native plugins for Editor in 0.00 ms.
Mono: successfully reloaded assembly
- Completed reload, in  0.984 seconds
Domain Reload Profiling:
	ReloadAssembly (985ms)
		BeginReloadAssembly (109ms)
			ExecutionOrderSort (0ms)
			DisableScriptedObjects (5ms)
			BackupInstance (0ms)
			ReleaseScriptingObjects (0ms)
			CreateAndSetChildDomain (56ms)
		EndReloadAssembly (820ms)
			LoadAssemblies (60ms)
			RebuildTransferFunctionScriptingTraits (0ms)
			SetupTypeCache (300ms)
			ReleaseScriptCaches (1ms)
			RebuildScriptCaches (46ms)
			SetupLoadedEditorAssemblies (280ms)
				LogAssemblyErrors (0ms)
				InitializePlatformSupportModulesInManaged (4ms)
				SetLoadedEditorAssemblies (0ms)
				RefreshPlugins (1ms)
				BeforeProcessingInitializeOnLoad (79ms)
				ProcessInitializeOnLoadAttributes (186ms)
				ProcessInitializeOnLoadMethodAttributes (10ms)
				AfterProcessingInitializeOnLoad (1ms)
				EditorAssembliesLoaded (0ms)
			ExecutionOrderSort2 (0ms)
			AwakeInstancesAfterBackupRestoration (12ms)
Platform modules already initialized, skipping
Refreshing native plugins compatible for Editor in 0.51 ms, found 2 plugins.
Preloading 0 native plugins for Editor in 0.00 ms.
Unloading 1995 Unused Serialized files (Serialized files now loaded: 0)
System memory in use before: 211.6 MB.
System memory in use after: 211.8 MB.

Unloading 15 unused Assets to reduce memory usage. Loaded Objects now: 2585.
Total: 2.329924 ms (FindLiveObjects: 0.137978 ms CreateObjectMapping: 0.059354 ms MarkObjects: 2.120474 ms  DeleteObjects: 0.011454 ms)

AssetImportParameters requested are different than current active one (requested -> active):
  custom:video-decoder-ogg-theora: a1e56fd34408186e4bbccfd4996cb3dc -> 
  custom:container-muxer-webm: aa71ff27fc2769a1b78a27578f13a17b -> 
  custom:container-demuxer-webm: 4f35f7cbe854078d1ac9338744f61a02 -> 
  custom:container-demuxer-ogg: 62fdf1f143b41e24485cea50d1cbac27 -> 
  custom:video-encoder-webm-vp8: eb34c28f22e8b96e1ab97ce403110664 -> 
  custom:framework-osx-AVFoundation: e770b220cccbd017edd2c1fefb359320 -> 
  custom:video-decoder-webm-vp8: 9c59270c3fd7afecdb556c50c9e8de78 -> 
  custom:audio-decoder-ogg-vorbis: bf7c407c2cedff20999df2af8eb42d56 -> 
  custom:audio-encoder-webm-vorbis: bf7c407c2cedff20999df2af8eb42d56 -> 
========================================================================
Received Import Request.
  Time since last request: 1120.854317 seconds.
  path: Assets/2DGamekit/Prefabs/UIPrefabs/KeyCanvas.prefab
  artifactKey: Guid(683597be51f41bb4cbba59294cae8b30) Importer(815301076,1909f56bfc062723c751e8b465ee728b)
Start importing Assets/2DGamekit/Prefabs/UIPrefabs/KeyCanvas.prefab using Guid(683597be51f41bb4cbba59294cae8b30) Importer(815301076,1909f56bfc062723c751e8b465ee728b)  -> (artifact id: '87368180173889c1235f3e20c0cba737') in 0.837157 seconds 
  Import took 0.844419 seconds .

========================================================================
Received Import Request.
  Time since last request: 0.000241 seconds.
  path: Assets/2DGamekit/Art/Sprites/AnimatedSprites/Key/KeySpin0004.png
  artifactKey: Guid(7a0de91dea9f59140bb693004bf0b0ad) Importer(815301076,1909f56bfc062723c751e8b465ee728b)
Start importing Assets/2DGamekit/Art/Sprites/AnimatedSprites/Key/KeySpin0004.png using Guid(7a0de91dea9f59140bb693004bf0b0ad) Importer(815301076,1909f56bfc062723c751e8b465ee728b)  -> (artifact id: '0022892b98819fcc3f837123f0e19495') in 0.746942 seconds 
  Import took 0.753098 seconds .

========================================================================
Received Import Request.
  Time since last request: 0.000196 seconds.
  path: Assets/2DGamekit/Prefabs/UIPrefabs/KeyIcon.prefab
  artifactKey: Guid(87b9fdd795c49ed45b705002b45185f6) Importer(815301076,1909f56bfc062723c751e8b465ee728b)
Start importing Assets/2DGamekit/Prefabs/UIPrefabs/KeyIcon.prefab using Guid(87b9fdd795c49ed45b705002b45185f6) Importer(815301076,1909f56bfc062723c751e8b465ee728b)  -> (artifact id: '21a68e927e2952ce5a9484ef4959afd5') in 0.003899 seconds 
  Import took 0.007621 seconds .

========================================================================
Received Import Request.
  Time since last request: 0.000153 seconds.
  path: Assets/2DGamekit/Art/Sprites/AnimatedSprites/Key/KeySpin0020.png
  artifactKey: Guid(7a85663a637e4004e92472acad01c2b8) Importer(815301076,1909f56bfc062723c751e8b465ee728b)
Start importing Assets/2DGamekit/Art/Sprites/AnimatedSprites/Key/KeySpin0020.png using Guid(7a85663a637e4004e92472acad01c2b8) Importer(815301076,1909f56bfc062723c751e8b465ee728b)  -> (artifact id: '6753e949dc2faf27fa5b933f5a70c426') in 0.008508 seconds 
  Import took 0.011584 seconds .

========================================================================
Received Import Request.
  Time since last request: 0.000163 seconds.
  path: Assets/2DGamekit/Art/Sprites/AnimatedSprites/Key/KeySpin0002.png
  artifactKey: Guid(f16737ca9f1dc29448765a816d0a1b49) Importer(815301076,1909f56bfc062723c751e8b465ee728b)
Start importing Assets/2DGamekit/Art/Sprites/AnimatedSprites/Key/KeySpin0002.png using Guid(f16737ca9f1dc29448765a816d0a1b49) Importer(815301076,1909f56bfc062723c751e8b465ee728b)  -> (artifact id: '6ebd26bd3199f05da02105cad33a26c3') in 0.008193 seconds 
  Import took 0.011000 seconds .

========================================================================
Received Import Request.
  Time since last request: 0.000163 seconds.
  path: Assets/2DGamekit/Art/Sprites/AnimatedSprites/Key/KeySpin0042.png
  artifactKey: Guid(cd5d447894330194aa31e955895c2404) Importer(815301076,1909f56bfc062723c751e8b465ee728b)
Start importing Assets/2DGamekit/Art/Sprites/AnimatedSprites/Key/KeySpin0042.png using Guid(cd5d447894330194aa31e955895c2404) Importer(815301076,1909f56bfc062723c751e8b465ee728b)  -> (artifact id: '6da7c4bd4098215c0d377322fbca3fa0') in 0.009101 seconds 
  Import took 0.012046 seconds .

========================================================================
Received Import Request.
  Time since last request: 0.000167 seconds.
  path: Assets/2DGamekit/Art/Sprites/AnimatedSprites/Key/KeySpin0012.png
  artifactKey: Guid(6b805b3d02c25084780e70f6b6e7ab38) Importer(815301076,1909f56bfc062723c751e8b465ee728b)
Start importing Assets/2DGamekit/Art/Sprites/AnimatedSprites/Key/KeySpin0012.png using Guid(6b805b3d02c25084780e70f6b6e7ab38) Importer(815301076,1909f56bfc062723c751e8b465ee728b)  -> (artifact id: '82afd25bfb1b885c3470fee60f6ab61d') in 0.008387 seconds 
  Import took 0.011327 seconds .

========================================================================
Received Import Request.
  Time since last request: 0.000158 seconds.
  path: Assets/2DGamekit/Art/Sprites/AnimatedSprites/Key/KeySpin0026.png
  artifactKey: Guid(0a3bfa4764855014695c9c734bd910a5) Importer(815301076,1909f56bfc062723c751e8b465ee728b)
Start importing Assets/2DGamekit/Art/Sprites/AnimatedSprites/Key/KeySpin0026.png using Guid(0a3bfa4764855014695c9c734bd910a5) Importer(815301076,1909f56bfc062723c751e8b465ee728b)  -> (artifact id: '7d8e81d2c79f6a9507b0352d3c54665a') in 0.008596 seconds 
  Import took 0.011427 seconds .

========================================================================
Received Import Request.
  Time since last request: 0.000268 seconds.
  path: Assets/2DGamekit/Art/Sprites/AnimatedSprites/Key/KeySpin0030.png
  artifactKey: Guid(b940cb8a87dbc2b4c9924fa949455cab) Importer(815301076,1909f56bfc062723c751e8b465ee728b)
Start importing Assets/2DGamekit/Art/Sprites/AnimatedSprites/Key/KeySpin0030.png using Guid(b940cb8a87dbc2b4c9924fa949455cab) Importer(815301076,1909f56bfc062723c751e8b465ee728b)  -> (artifact id: '95b72981f112e916d8a36b550c069e02') in 0.012096 seconds 
  Import took 0.015123 seconds .

========================================================================
Received Import Request.
  Time since last request: 0.000174 seconds.
  path: Assets/2DGamekit/Art/Sprites/AnimatedSprites/Key/KeySpin0022.png
  artifactKey: Guid(e800ef09025e509499b2916a88d7da82) Importer(815301076,1909f56bfc062723c751e8b465ee728b)
Start importing Assets/2DGamekit/Art/Sprites/AnimatedSprites/Key/KeySpin0022.png using Guid(e800ef09025e509499b2916a88d7da82) Importer(815301076,1909f56bfc062723c751e8b465ee728b)  -> (artifact id: 'd9f49bd6210748af713e7277bde15b75') in 0.008933 seconds 
  Import took 0.011960 seconds .

========================================================================
Received Import Request.
  Time since last request: 0.000212 seconds.
  path: Assets/2DGamekit/Art/Sprites/AnimatedSprites/Key/KeySpin0000.png
  artifactKey: Guid(3abf1705bc9d76244ad760412db78a65) Importer(815301076,1909f56bfc062723c751e8b465ee728b)
Start importing Assets/2DGamekit/Art/Sprites/AnimatedSprites/Key/KeySpin0000.png using Guid(3abf1705bc9d76244ad760412db78a65) Importer(815301076,1909f56bfc062723c751e8b465ee728b)  -> (artifact id: 'e91d137a30c11b9bd8374d37b14ce8a2') in 0.007838 seconds 
  Import took 0.011251 seconds .

========================================================================
Received Import Request.
  Time since last request: 0.000175 seconds.
  path: Assets/2DGamekit/Art/Sprites/AnimatedSprites/Key/KeySpin0024.png
  artifactKey: Guid(3dbc35981e1cf7b4e8e17794cc775b4d) Importer(815301076,1909f56bfc062723c751e8b465ee728b)
Start importing Assets/2DGamekit/Art/Sprites/AnimatedSprites/Key/KeySpin0024.png using Guid(3dbc35981e1cf7b4e8e17794cc775b4d) Importer(815301076,1909f56bfc062723c751e8b465ee728b)  -> (artifact id: 'e169a6fba06c1df9200234942c94ae56') in 0.009753 seconds 
  Import took 0.012783 seconds .

========================================================================
Received Import Request.
  Time since last request: 0.000166 seconds.
  path: Assets/2DGamekit/Art/Sprites/AnimatedSprites/Key/KeySpin0028.png
  artifactKey: Guid(2c458ee8cd0fbbf4fa714059d5f3136d) Importer(815301076,1909f56bfc062723c751e8b465ee728b)
Start importing Assets/2DGamekit/Art/Sprites/AnimatedSprites/Key/KeySpin0028.png using Guid(2c458ee8cd0fbbf4fa714059d5f3136d) Importer(815301076,1909f56bfc062723c751e8b465ee728b)  -> (artifact id: '4806f5dd23704d8bf34e90b26e530623') in 0.010304 seconds 
  Import took 0.013821 seconds .

========================================================================
Received Import Request.
  Time since last request: 0.000177 seconds.
  path: Assets/2DGamekit/Art/Sprites/AnimatedSprites/Key/KeySpin0058.png
  artifactKey: Guid(a74e1b80bec2c7a41b68c0a4e6a2085a) Importer(815301076,1909f56bfc062723c751e8b465ee728b)
Start importing Assets/2DGamekit/Art/Sprites/AnimatedSprites/Key/KeySpin0058.png using Guid(a74e1b80bec2c7a41b68c0a4e6a2085a) Importer(815301076,1909f56bfc062723c751e8b465ee728b)  -> (artifact id: '906774a2427393a701cd82ebe91d18f1') in 0.009798 seconds 
  Import took 0.013072 seconds .

========================================================================
Received Import Request.
  Time since last request: 0.000181 seconds.
  path: Assets/2DGamekit/Art/Sprites/AnimatedSprites/Key/KeySpin0038.png
  artifactKey: Guid(55b7d14da52e94f40a7977ab1fd4678e) Importer(815301076,1909f56bfc062723c751e8b465ee728b)
Start importing Assets/2DGamekit/Art/Sprites/AnimatedSprites/Key/KeySpin0038.png using Guid(55b7d14da52e94f40a7977ab1fd4678e) Importer(815301076,1909f56bfc062723c751e8b465ee728b)  -> (artifact id: 'd6de30e9de33ccdca70b19c400958044') in 0.010262 seconds 
  Import took 0.013571 seconds .

========================================================================
Received Import Request.
  Time since last request: 0.000180 seconds.
  path: Assets/2DGamekit/Art/Sprites/AnimatedSprites/Key/KeySpin0054.png
  artifactKey: Guid(ee67da4db316077448ea9b6e1f5429b4) Importer(815301076,1909f56bfc062723c751e8b465ee728b)
Start importing Assets/2DGamekit/Art/Sprites/AnimatedSprites/Key/KeySpin0054.png using Guid(ee67da4db316077448ea9b6e1f5429b4) Importer(815301076,1909f56bfc062723c751e8b465ee728b)  -> (artifact id: 'f56240a6cd22816c8a8f4716f7f079dc') in 0.011987 seconds 
  Import took 0.015629 seconds .

========================================================================
Received Import Request.
  Time since last request: 0.000186 seconds.
  path: Assets/2DGamekit/Art/Sprites/AnimatedSprites/Key/KeySpin0006.png
  artifactKey: Guid(7c8bdf6129a84e141a690926a43cb384) Importer(815301076,1909f56bfc062723c751e8b465ee728b)
Start importing Assets/2DGamekit/Art/Sprites/AnimatedSprites/Key/KeySpin0006.png using Guid(7c8bdf6129a84e141a690926a43cb384) Importer(815301076,1909f56bfc062723c751e8b465ee728b)  -> (artifact id: '0eac606e9b4bf1f4997fe6466d0e33e4') in 0.009533 seconds 
  Import took 0.013201 seconds .

========================================================================
Received Import Request.
  Time since last request: 0.000286 seconds.
  path: Assets/2DGamekit/Art/Sprites/AnimatedSprites/Key/KeySpin0010.png
  artifactKey: Guid(2c9d2d33aa1cb054cb019c852a64b6d4) Importer(815301076,1909f56bfc062723c751e8b465ee728b)
Start importing Assets/2DGamekit/Art/Sprites/AnimatedSprites/Key/KeySpin0010.png using Guid(2c9d2d33aa1cb054cb019c852a64b6d4) Importer(815301076,1909f56bfc062723c751e8b465ee728b)  -> (artifact id: '9809d218e4f18c3df0fdd3f9e7bb15ad') in 0.009410 seconds 
  Import took 0.012798 seconds .

========================================================================
Received Import Request.
  Time since last request: 0.000333 seconds.
  path: Assets/2DGamekit/Art/Sprites/AnimatedSprites/Key/KeySpin0046.png
  artifactKey: Guid(36cb6f5bee0e9c64b8fd1b8d8fa3a779) Importer(815301076,1909f56bfc062723c751e8b465ee728b)
Start importing Assets/2DGamekit/Art/Sprites/AnimatedSprites/Key/KeySpin0046.png using Guid(36cb6f5bee0e9c64b8fd1b8d8fa3a779) Importer(815301076,1909f56bfc062723c751e8b465ee728b)  -> (artifact id: '8708ec005adda62e4691970dec2009c2') in 0.010162 seconds 
  Import took 0.013256 seconds .

========================================================================
Received Import Request.
  Time since last request: 0.000296 seconds.
  path: Assets/2DGamekit/Art/Sprites/AnimatedSprites/Key/KeySpin0014.png
  artifactKey: Guid(b53184e6a2932ee409a26e6838f16aae) Importer(815301076,1909f56bfc062723c751e8b465ee728b)
Start importing Assets/2DGamekit/Art/Sprites/AnimatedSprites/Key/KeySpin0014.png using Guid(b53184e6a2932ee409a26e6838f16aae) Importer(815301076,1909f56bfc062723c751e8b465ee728b)  -> (artifact id: 'f8c5990a2faead66ef80d555dbb0d198') in 0.008583 seconds 
  Import took 0.011613 seconds .

========================================================================
Received Import Request.
  Time since last request: 0.000169 seconds.
  path: Assets/2DGamekit/Art/Sprites/AnimatedSprites/Key/KeySpin0034.png
  artifactKey: Guid(5bc4e6fd2df715c46b166367924563d2) Importer(815301076,1909f56bfc062723c751e8b465ee728b)
Start importing Assets/2DGamekit/Art/Sprites/AnimatedSprites/Key/KeySpin0034.png using Guid(5bc4e6fd2df715c46b166367924563d2) Importer(815301076,1909f56bfc062723c751e8b465ee728b)  -> (artifact id: '463ef2774e3f8bf23190ae5262004923') in 0.009602 seconds 
  Import took 0.012657 seconds .

========================================================================
Received Import Request.
  Time since last request: 0.000157 seconds.
  path: Assets/2DGamekit/Art/Sprites/AnimatedSprites/Key/KeySpin0048.png
  artifactKey: Guid(e2eadf32de58de044a6101c5d48fb7d5) Importer(815301076,1909f56bfc062723c751e8b465ee728b)
Start importing Assets/2DGamekit/Art/Sprites/AnimatedSprites/Key/KeySpin0048.png using Guid(e2eadf32de58de044a6101c5d48fb7d5) Importer(815301076,1909f56bfc062723c751e8b465ee728b)  -> (artifact id: '3e66689015a0058cb64fb0a4127a95ec') in 0.008460 seconds 
  Import took 0.011389 seconds .

========================================================================
Received Import Request.
  Time since last request: 0.000161 seconds.
  path: Assets/2DGamekit/Art/Sprites/AnimatedSprites/Key/KeySpin0050.png
  artifactKey: Guid(2e67ec8e00de06747930191c34bec57b) Importer(815301076,1909f56bfc062723c751e8b465ee728b)
Start importing Assets/2DGamekit/Art/Sprites/AnimatedSprites/Key/KeySpin0050.png using Guid(2e67ec8e00de06747930191c34bec57b) Importer(815301076,1909f56bfc062723c751e8b465ee728b)  -> (artifact id: '73df6700ba47f4807c98c6f13be4686a') in 0.008552 seconds 
  Import took 0.011400 seconds .

========================================================================
Received Import Request.
  Time since last request: 0.000163 seconds.
  path: Assets/2DGamekit/Art/Sprites/UI/HUD/KeyIcon.png
  artifactKey: Guid(47b79e0414059df4c9e864efad6475b9) Importer(815301076,1909f56bfc062723c751e8b465ee728b)
Start importing Assets/2DGamekit/Art/Sprites/UI/HUD/KeyIcon.png using Guid(47b79e0414059df4c9e864efad6475b9) Importer(815301076,1909f56bfc062723c751e8b465ee728b)  -> (artifact id: 'd140f3d1ed596ef945a87616bec13397') in 0.019584 seconds 
  Import took 0.022641 seconds .

========================================================================
Received Import Request.
  Time since last request: 0.000201 seconds.
  path: Assets/2DGamekit/Art/Sprites/AnimatedSprites/Key/KeySpin0032.png
  artifactKey: Guid(36d7a8d875f6bec499f358447156b5fc) Importer(815301076,1909f56bfc062723c751e8b465ee728b)
Start importing Assets/2DGamekit/Art/Sprites/AnimatedSprites/Key/KeySpin0032.png using Guid(36d7a8d875f6bec499f358447156b5fc) Importer(815301076,1909f56bfc062723c751e8b465ee728b)  -> (artifact id: 'c8e253985c2fa3eca4f30da34dbb73b0') in 0.009354 seconds 
  Import took 0.012387 seconds .

========================================================================
Received Import Request.
  Time since last request: 0.000168 seconds.
  path: Assets/2DGamekit/Art/Sprites/AnimatedSprites/Key/KeySpin0036.png
  artifactKey: Guid(c7e105af68f080d408ff8dcfc71d976f) Importer(815301076,1909f56bfc062723c751e8b465ee728b)
Start importing Assets/2DGamekit/Art/Sprites/AnimatedSprites/Key/KeySpin0036.png using Guid(c7e105af68f080d408ff8dcfc71d976f) Importer(815301076,1909f56bfc062723c751e8b465ee728b)  -> (artifact id: 'c88ec91d44926945590f51a468d90423') in 0.009984 seconds 
  Import took 0.012713 seconds .

========================================================================
Received Import Request.
  Time since last request: 0.000163 seconds.
  path: Assets/2DGamekit/Art/Sprites/AnimatedSprites/Key/KeySpin0044.png
  artifactKey: Guid(854bacb421a0cf0409b811ca82dc0b72) Importer(815301076,1909f56bfc062723c751e8b465ee728b)
Start importing Assets/2DGamekit/Art/Sprites/AnimatedSprites/Key/KeySpin0044.png using Guid(854bacb421a0cf0409b811ca82dc0b72) Importer(815301076,1909f56bfc062723c751e8b465ee728b)  -> (artifact id: '39d6e27b8201215d2cbd4f4282940e78') in 0.009295 seconds 
  Import took 0.012245 seconds .

========================================================================
Received Import Request.
  Time since last request: 0.000186 seconds.
  path: Assets/2DGamekit/Art/Sprites/AnimatedSprites/Key/KeySpin0018.png
  artifactKey: Guid(862eb60c627dd534cb832145605ac12d) Importer(815301076,1909f56bfc062723c751e8b465ee728b)
Start importing Assets/2DGamekit/Art/Sprites/AnimatedSprites/Key/KeySpin0018.png using Guid(862eb60c627dd534cb832145605ac12d) Importer(815301076,1909f56bfc062723c751e8b465ee728b)  -> (artifact id: 'bc90b3f6d6fbafac9878a1ebf2cb582e') in 0.009099 seconds 
  Import took 0.012204 seconds .

========================================================================
Received Import Request.
  Time since last request: 0.000163 seconds.
  path: Assets/2DGamekit/Art/Sprites/AnimatedSprites/Key/KeySpin0052.png
  artifactKey: Guid(d48d2bef2814aec4db2752ccf322c364) Importer(815301076,1909f56bfc062723c751e8b465ee728b)
Start importing Assets/2DGamekit/Art/Sprites/AnimatedSprites/Key/KeySpin0052.png using Guid(d48d2bef2814aec4db2752ccf322c364) Importer(815301076,1909f56bfc062723c751e8b465ee728b)  -> (artifact id: 'ea8f36ed3234fc688adeea012daa2e28') in 0.008627 seconds 
  Import took 0.011116 seconds .

========================================================================
Received Import Request.
  Time since last request: 0.000160 seconds.
  path: Assets/2DGamekit/Art/Sprites/AnimatedSprites/Key/KeySpin0016.png
  artifactKey: Guid(44fbfa5afc056fe459c80663e42e9ae4) Importer(815301076,1909f56bfc062723c751e8b465ee728b)
Start importing Assets/2DGamekit/Art/Sprites/AnimatedSprites/Key/KeySpin0016.png using Guid(44fbfa5afc056fe459c80663e42e9ae4) Importer(815301076,1909f56bfc062723c751e8b465ee728b)  -> (artifact id: '935ef8c5557ca3d6fac4081a51ede08d') in 0.008513 seconds 
  Import took 0.011283 seconds .

========================================================================
Received Import Request.
  Time since last request: 0.000177 seconds.
  path: Assets/2DGamekit/Art/Sprites/AnimatedSprites/Key/KeySpin0056.png
  artifactKey: Guid(3ece3017d2ee76f4d84987cb7e02ea37) Importer(815301076,1909f56bfc062723c751e8b465ee728b)
Start importing Assets/2DGamekit/Art/Sprites/AnimatedSprites/Key/KeySpin0056.png using Guid(3ece3017d2ee76f4d84987cb7e02ea37) Importer(815301076,1909f56bfc062723c751e8b465ee728b)  -> (artifact id: 'aa27d10c1b66a958cd26327a8641025e') in 0.008643 seconds 
  Import took 0.011339 seconds .

========================================================================
Received Import Request.
  Time since last request: 0.000146 seconds.
  path: Assets/2DGamekit/Art/Sprites/AnimatedSprites/Key/KeySpin0040.png
  artifactKey: Guid(75c23d1c7c70bb847b9946964aaf0825) Importer(815301076,1909f56bfc062723c751e8b465ee728b)
Start importing Assets/2DGamekit/Art/Sprites/AnimatedSprites/Key/KeySpin0040.png using Guid(75c23d1c7c70bb847b9946964aaf0825) Importer(815301076,1909f56bfc062723c751e8b465ee728b)  -> (artifact id: '405f68e7b21346cca3991a8ccede7d57') in 0.008801 seconds 
  Import took 0.011711 seconds .

========================================================================
Received Import Request.
  Time since last request: 0.000146 seconds.
  path: Assets/2DGamekit/Art/Sprites/AnimatedSprites/Key/KeySpin0008.png
  artifactKey: Guid(2a8146b76a8332e46b9c00f3cb2960e8) Importer(815301076,1909f56bfc062723c751e8b465ee728b)
Start importing Assets/2DGamekit/Art/Sprites/AnimatedSprites/Key/KeySpin0008.png using Guid(2a8146b76a8332e46b9c00f3cb2960e8) Importer(815301076,1909f56bfc062723c751e8b465ee728b)  -> (artifact id: 'd24cd68c9a271660c1b42c7b2553f6bb') in 0.008226 seconds 
  Import took 0.011511 seconds .

========================================================================
Received Import Request.
  Time since last request: 94.287915 seconds.
  path: Assets/2DGamekit/Art/Sprites/AnimatedSprites/Enemies/Gunner/Cutscene/Background/Gunner_INTRO_DOORONLY_00009.png
  artifactKey: Guid(0c2aabcb0897ce34a830fbe6dfa38456) Importer(815301076,1909f56bfc062723c751e8b465ee728b)
Start importing Assets/2DGamekit/Art/Sprites/AnimatedSprites/Enemies/Gunner/Cutscene/Background/Gunner_INTRO_DOORONLY_00009.png using Guid(0c2aabcb0897ce34a830fbe6dfa38456) Importer(815301076,1909f56bfc062723c751e8b465ee728b)  -> (artifact id: 'd162c0f6bfef5d262dd86dcb1145e6d9') in 0.033563 seconds 
  Import took 0.037405 seconds .

========================================================================
Received Import Request.
  Time since last request: 0.000178 seconds.
  path: Assets/2DGamekit/Art/Sprites/AnimatedSprites/Enemies/Gunner/Cutscene/Background/Gunner_INTRO_DOORONLY_00025.png
  artifactKey: Guid(e22105630463dbf4f9552e91a5f63e58) Importer(815301076,1909f56bfc062723c751e8b465ee728b)
Start importing Assets/2DGamekit/Art/Sprites/AnimatedSprites/Enemies/Gunner/Cutscene/Background/Gunner_INTRO_DOORONLY_00025.png using Guid(e22105630463dbf4f9552e91a5f63e58) Importer(815301076,1909f56bfc062723c751e8b465ee728b)  -> (artifact id: '4f0e2f7202137ccc0226601d5be80daf') in 0.010153 seconds 
  Import took 0.013639 seconds .

========================================================================
Received Import Request.
  Time since last request: 0.000180 seconds.
  path: Assets/2DGamekit/Art/Sprites/AnimatedSprites/Enemies/Gunner/Cutscene/Background/Gunner_INTRO_DOORONLY_00015.png
  artifactKey: Guid(648be40878c7c284fa715474d4c9f4f5) Importer(815301076,1909f56bfc062723c751e8b465ee728b)
Start importing Assets/2DGamekit/Art/Sprites/AnimatedSprites/Enemies/Gunner/Cutscene/Background/Gunner_INTRO_DOORONLY_00015.png using Guid(648be40878c7c284fa715474d4c9f4f5) Importer(815301076,1909f56bfc062723c751e8b465ee728b)  -> (artifact id: 'dd241c38f8bc2ad22b1f92e570b3227f') in 0.010599 seconds 
  Import took 0.013642 seconds .

========================================================================
Received Import Request.
  Time since last request: 0.000166 seconds.
  path: Assets/2DGamekit/Art/Sprites/AnimatedSprites/Enemies/Gunner/Cutscene/Background/Gunner_INTRO_DOORONLY_00011.png
  artifactKey: Guid(9e1dbc30e6654044bb3ca36cf82e9553) Importer(815301076,1909f56bfc062723c751e8b465ee728b)
Start importing Assets/2DGamekit/Art/Sprites/AnimatedSprites/Enemies/Gunner/Cutscene/Background/Gunner_INTRO_DOORONLY_00011.png using Guid(9e1dbc30e6654044bb3ca36cf82e9553) Importer(815301076,1909f56bfc062723c751e8b465ee728b)  -> (artifact id: '17687146cdb7fe376755fe4e78ac9e72') in 0.009612 seconds 
  Import took 0.012332 seconds .

========================================================================
Received Import Request.
  Time since last request: 0.000200 seconds.
  path: Assets/2DGamekit/Art/Sprites/AnimatedSprites/Enemies/Gunner/Cutscene/Background/Gunner_INTRO_DOORONLY_00029.png
  artifactKey: Guid(078ab4af3e72ab34fa0d96ad4a2a8885) Importer(815301076,1909f56bfc062723c751e8b465ee728b)
Start importing Assets/2DGamekit/Art/Sprites/AnimatedSprites/Enemies/Gunner/Cutscene/Background/Gunner_INTRO_DOORONLY_00029.png using Guid(078ab4af3e72ab34fa0d96ad4a2a8885) Importer(815301076,1909f56bfc062723c751e8b465ee728b)  -> (artifact id: '147b8f247c42b0e9967a87945d733e5e') in 0.009944 seconds 
  Import took 0.012711 seconds .

========================================================================
Received Import Request.
  Time since last request: 0.000229 seconds.
  path: Assets/2DGamekit/Art/Sprites/AnimatedSprites/Enemies/Gunner/Cutscene/Background/Gunner_INTRO_DOORONLY_00019.png
  artifactKey: Guid(8bac836d36deb0948a916cb60c4e45cb) Importer(815301076,1909f56bfc062723c751e8b465ee728b)
Start importing Assets/2DGamekit/Art/Sprites/AnimatedSprites/Enemies/Gunner/Cutscene/Background/Gunner_INTRO_DOORONLY_00019.png using Guid(8bac836d36deb0948a916cb60c4e45cb) Importer(815301076,1909f56bfc062723c751e8b465ee728b)  -> (artifact id: '53d9d073411d40928c0618787b542698') in 0.010271 seconds 
  Import took 0.013416 seconds .

========================================================================
Received Import Request.
  Time since last request: 0.000206 seconds.
  path: Assets/2DGamekit/Art/Sprites/AnimatedSprites/Enemies/Gunner/Cutscene/Background/Gunner_INTRO_DOORONLY_00030.png
  artifactKey: Guid(c21469b9671d40941ad8afacb8507752) Importer(815301076,1909f56bfc062723c751e8b465ee728b)
Start importing Assets/2DGamekit/Art/Sprites/AnimatedSprites/Enemies/Gunner/Cutscene/Background/Gunner_INTRO_DOORONLY_00030.png using Guid(c21469b9671d40941ad8afacb8507752) Importer(815301076,1909f56bfc062723c751e8b465ee728b)  -> (artifact id: 'eadf856bfeef6986a41dc9afccd3feeb') in 0.009609 seconds 
  Import took 0.012454 seconds .

========================================================================
Received Import Request.
  Time since last request: 0.000214 seconds.
  path: Assets/2DGamekit/Art/Sprites/AnimatedSprites/Enemies/Gunner/Cutscene/Background/Gunner_INTRO_DOORONLY_00013.png
  artifactKey: Guid(ecd4976b7ce990248a005c9a6fa59b0c) Importer(815301076,1909f56bfc062723c751e8b465ee728b)
Start importing Assets/2DGamekit/Art/Sprites/AnimatedSprites/Enemies/Gunner/Cutscene/Background/Gunner_INTRO_DOORONLY_00013.png using Guid(ecd4976b7ce990248a005c9a6fa59b0c) Importer(815301076,1909f56bfc062723c751e8b465ee728b)  -> (artifact id: 'd46bd677dd9efe6e61b8fa3f0f03368c') in 0.010070 seconds 
  Import took 0.013126 seconds .

========================================================================
Received Import Request.
  Time since last request: 0.000185 seconds.
  path: Assets/2DGamekit/Art/Sprites/AnimatedSprites/Enemies/Gunner/Cutscene/Background/Gunner_INTRO_DOORONLY_00026.png
  artifactKey: Guid(258d9a944149ff147987d6d7efe4be4a) Importer(815301076,1909f56bfc062723c751e8b465ee728b)
Start importing Assets/2DGamekit/Art/Sprites/AnimatedSprites/Enemies/Gunner/Cutscene/Background/Gunner_INTRO_DOORONLY_00026.png using Guid(258d9a944149ff147987d6d7efe4be4a) Importer(815301076,1909f56bfc062723c751e8b465ee728b)  -> (artifact id: '21249df13db956381cb8394bc4f5b5d8') in 0.009352 seconds 
  Import took 0.012317 seconds .

========================================================================
Received Import Request.
  Time since last request: 0.000164 seconds.
  path: Assets/2DGamekit/Art/Sprites/AnimatedSprites/Enemies/Gunner/Cutscene/Background/Gunner_INTRO_DOORONLY_00023.png
  artifactKey: Guid(50d8214cd06fce44d91e7d562fb9ad28) Importer(815301076,1909f56bfc062723c751e8b465ee728b)
Start importing Assets/2DGamekit/Art/Sprites/AnimatedSprites/Enemies/Gunner/Cutscene/Background/Gunner_INTRO_DOORONLY_00023.png using Guid(50d8214cd06fce44d91e7d562fb9ad28) Importer(815301076,1909f56bfc062723c751e8b465ee728b)  -> (artifact id: '8bf374dcfb278c5f9a75b334e9b356f7') in 0.009429 seconds 
  Import took 0.012458 seconds .

========================================================================
Received Import Request.
  Time since last request: 0.000176 seconds.
  path: Assets/2DGamekit/Art/Sprites/AnimatedSprites/Enemies/Gunner/Cutscene/Background/Gunner_INTRO_DOORONLY_00027.png
  artifactKey: Guid(cf712375a22dc13438b017c8593bb1b3) Importer(815301076,1909f56bfc062723c751e8b465ee728b)
Start importing Assets/2DGamekit/Art/Sprites/AnimatedSprites/Enemies/Gunner/Cutscene/Background/Gunner_INTRO_DOORONLY_00027.png using Guid(cf712375a22dc13438b017c8593bb1b3) Importer(815301076,1909f56bfc062723c751e8b465ee728b)  -> (artifact id: 'fcc45cfb90bef6f0885b1f2c69f43598') in 0.009555 seconds 
  Import took 0.012770 seconds .

========================================================================
Received Import Request.
  Time since last request: 0.000158 seconds.
  path: Assets/2DGamekit/Art/Sprites/AnimatedSprites/Enemies/Gunner/Cutscene/Background/Gunner_INTRO_DOORONLY_00016.png
  artifactKey: Guid(1ca850145d2aa574abeb5402dd696388) Importer(815301076,1909f56bfc062723c751e8b465ee728b)
Start importing Assets/2DGamekit/Art/Sprites/AnimatedSprites/Enemies/Gunner/Cutscene/Background/Gunner_INTRO_DOORONLY_00016.png using Guid(1ca850145d2aa574abeb5402dd696388) Importer(815301076,1909f56bfc062723c751e8b465ee728b)  -> (artifact id: 'b45e1db18073eec1aa83a3d246bf79af') in 0.009532 seconds 
  Import took 0.012608 seconds .

========================================================================
Received Import Request.
  Time since last request: 0.000176 seconds.
  path: Assets/2DGamekit/Art/Sprites/AnimatedSprites/Enemies/Gunner/Cutscene/Background/Gunner_INTRO_DOORONLY_00010.png
  artifactKey: Guid(2d63b4e40092cb442a69633b25c696e5) Importer(815301076,1909f56bfc062723c751e8b465ee728b)
Start importing Assets/2DGamekit/Art/Sprites/AnimatedSprites/Enemies/Gunner/Cutscene/Background/Gunner_INTRO_DOORONLY_00010.png using Guid(2d63b4e40092cb442a69633b25c696e5) Importer(815301076,1909f56bfc062723c751e8b465ee728b)  -> (artifact id: '35b590c42e9ccb8367f7d5bb261e3e61') in 0.009645 seconds 
  Import took 0.012984 seconds .

========================================================================
Received Import Request.
  Time since last request: 0.000162 seconds.
  path: Assets/2DGamekit/Art/Sprites/AnimatedSprites/Enemies/Gunner/Cutscene/Background/Gunner_INTRO_DOORONLY_00028.png
  artifactKey: Guid(9b06f8d7252432248854eda0910d52bd) Importer(815301076,1909f56bfc062723c751e8b465ee728b)
Start importing Assets/2DGamekit/Art/Sprites/AnimatedSprites/Enemies/Gunner/Cutscene/Background/Gunner_INTRO_DOORONLY_00028.png using Guid(9b06f8d7252432248854eda0910d52bd) Importer(815301076,1909f56bfc062723c751e8b465ee728b)  -> (artifact id: 'dec204de850255fcb5455dbfa9198df1') in 0.009229 seconds 
  Import took 0.012047 seconds .

========================================================================
Received Import Request.
  Time since last request: 0.000171 seconds.
  path: Assets/2DGamekit/Art/Sprites/AnimatedSprites/Enemies/Gunner/Cutscene/Background/Gunner_INTRO_DOORONLY_00024.png
  artifactKey: Guid(3420df69a4cde4e49ba9a3e5baea8295) Importer(815301076,1909f56bfc062723c751e8b465ee728b)
Start importing Assets/2DGamekit/Art/Sprites/AnimatedSprites/Enemies/Gunner/Cutscene/Background/Gunner_INTRO_DOORONLY_00024.png using Guid(3420df69a4cde4e49ba9a3e5baea8295) Importer(815301076,1909f56bfc062723c751e8b465ee728b)  -> (artifact id: 'a3c15fc61db6b31676a02cda3c67c146') in 0.010266 seconds 
  Import took 0.013007 seconds .

========================================================================
Received Import Request.
  Time since last request: 0.000197 seconds.
  path: Assets/2DGamekit/Art/Sprites/AnimatedSprites/Enemies/Gunner/Cutscene/Background/Gunner_INTRO_DOORONLY_00021.png
  artifactKey: Guid(0876566e1044ea740bef2641c331af36) Importer(815301076,1909f56bfc062723c751e8b465ee728b)
Start importing Assets/2DGamekit/Art/Sprites/AnimatedSprites/Enemies/Gunner/Cutscene/Background/Gunner_INTRO_DOORONLY_00021.png using Guid(0876566e1044ea740bef2641c331af36) Importer(815301076,1909f56bfc062723c751e8b465ee728b)  -> (artifact id: '86c6a396a3211b4a736f6c2ef0c44a27') in 0.010535 seconds 
  Import took 0.013258 seconds .

========================================================================
Received Import Request.
  Time since last request: 0.000183 seconds.
  path: Assets/2DGamekit/Art/Sprites/AnimatedSprites/Enemies/Gunner/Cutscene/Background/Gunner_INTRO_DOORONLY_00018.png
  artifactKey: Guid(2df184664e0fdee46a665bd3d28f630e) Importer(815301076,1909f56bfc062723c751e8b465ee728b)
Start importing Assets/2DGamekit/Art/Sprites/AnimatedSprites/Enemies/Gunner/Cutscene/Background/Gunner_INTRO_DOORONLY_00018.png using Guid(2df184664e0fdee46a665bd3d28f630e) Importer(815301076,1909f56bfc062723c751e8b465ee728b)  -> (artifact id: '25f9af22b541f47025738e497a65f1ec') in 0.009154 seconds 
  Import took 0.012463 seconds .

========================================================================
Received Import Request.
  Time since last request: 0.000179 seconds.
  path: Assets/2DGamekit/Art/Sprites/AnimatedSprites/Enemies/Gunner/Cutscene/Background/Gunner_INTRO_DOORONLY_00020.png
  artifactKey: Guid(a2a6927d40609014a9a22cdd81d01ffd) Importer(815301076,1909f56bfc062723c751e8b465ee728b)
Start importing Assets/2DGamekit/Art/Sprites/AnimatedSprites/Enemies/Gunner/Cutscene/Background/Gunner_INTRO_DOORONLY_00020.png using Guid(a2a6927d40609014a9a22cdd81d01ffd) Importer(815301076,1909f56bfc062723c751e8b465ee728b)  -> (artifact id: 'f56433f92755b12ea77305ab37835d86') in 0.010190 seconds 
  Import took 0.012847 seconds .

========================================================================
Received Import Request.
  Time since last request: 0.000160 seconds.
  path: Assets/2DGamekit/Art/Sprites/AnimatedSprites/Enemies/Gunner/Cutscene/Background/Gunner_INTRO_DOORONLY_00014.png
  artifactKey: Guid(811116bf00f17244fbbc9d88015ca61e) Importer(815301076,1909f56bfc062723c751e8b465ee728b)
Start importing Assets/2DGamekit/Art/Sprites/AnimatedSprites/Enemies/Gunner/Cutscene/Background/Gunner_INTRO_DOORONLY_00014.png using Guid(811116bf00f17244fbbc9d88015ca61e) Importer(815301076,1909f56bfc062723c751e8b465ee728b)  -> (artifact id: '361b3a3a02175499c11f23676cf6c0d4') in 0.009048 seconds 
  Import took 0.011944 seconds .

========================================================================
Received Import Request.
  Time since last request: 0.000158 seconds.
  path: Assets/2DGamekit/Art/Sprites/AnimatedSprites/Enemies/Gunner/Cutscene/Background/Gunner_INTRO_DOORONLY_00017.png
  artifactKey: Guid(beee0ff1b6808b34982dd66a27b604ea) Importer(815301076,1909f56bfc062723c751e8b465ee728b)
Start importing Assets/2DGamekit/Art/Sprites/AnimatedSprites/Enemies/Gunner/Cutscene/Background/Gunner_INTRO_DOORONLY_00017.png using Guid(beee0ff1b6808b34982dd66a27b604ea) Importer(815301076,1909f56bfc062723c751e8b465ee728b)  -> (artifact id: '17f042852a37de56d01e88f673a9a59d') in 0.009873 seconds 
  Import took 0.012728 seconds .

========================================================================
Received Import Request.
  Time since last request: 0.000170 seconds.
  path: Assets/2DGamekit/Art/Sprites/AnimatedSprites/Enemies/Gunner/Cutscene/Background/Gunner_INTRO_DOORONLY_00022.png
  artifactKey: Guid(33bb6e351c7702449a1e4c390635ac4b) Importer(815301076,1909f56bfc062723c751e8b465ee728b)
Start importing Assets/2DGamekit/Art/Sprites/AnimatedSprites/Enemies/Gunner/Cutscene/Background/Gunner_INTRO_DOORONLY_00022.png using Guid(33bb6e351c7702449a1e4c390635ac4b) Importer(815301076,1909f56bfc062723c751e8b465ee728b)  -> (artifact id: '40fc8e51bda16080817f213a65097767') in 0.009343 seconds 
  Import took 0.012240 seconds .

========================================================================
Received Import Request.
  Time since last request: 0.000163 seconds.
  path: Assets/2DGamekit/Art/Sprites/AnimatedSprites/Enemies/Gunner/Cutscene/Background/Gunner_INTRO_DOORONLY_00012.png
  artifactKey: Guid(8cfde7da7c75c234abcd81714049902e) Importer(815301076,1909f56bfc062723c751e8b465ee728b)
Start importing Assets/2DGamekit/Art/Sprites/AnimatedSprites/Enemies/Gunner/Cutscene/Background/Gunner_INTRO_DOORONLY_00012.png using Guid(8cfde7da7c75c234abcd81714049902e) Importer(815301076,1909f56bfc062723c751e8b465ee728b)  -> (artifact id: 'c4efec53df83afa5382612de795ee79e') in 0.008783 seconds 
  Import took 0.011665 seconds .

========================================================================
Received Import Request.
  Time since last request: 0.297785 seconds.
  path: Assets/2DGamekit/Art/Sprites/AnimatedSprites/Enemies/Gunner/Cutscene/Background/Gunner_INTRO_DOORONLY_00031.png
  artifactKey: Guid(13fa996ab111fcd47b9a1263249e74dc) Importer(815301076,1909f56bfc062723c751e8b465ee728b)
Start importing Assets/2DGamekit/Art/Sprites/AnimatedSprites/Enemies/Gunner/Cutscene/Background/Gunner_INTRO_DOORONLY_00031.png using Guid(13fa996ab111fcd47b9a1263249e74dc) Importer(815301076,1909f56bfc062723c751e8b465ee728b)  -> (artifact id: 'd3b394669b11cee0e178ce46de18bb87') in 0.011791 seconds 
  Import took 0.014990 seconds .

========================================================================
Received Import Request.
  Time since last request: 0.000170 seconds.
  path: Assets/2DGamekit/Art/Sprites/AnimatedSprites/Enemies/Gunner/Cutscene/Background/Gunner_INTRO_DOORONLY_00032.png
  artifactKey: Guid(0d74c9e3228b65d44934cf76a49ea38b) Importer(815301076,1909f56bfc062723c751e8b465ee728b)
Start importing Assets/2DGamekit/Art/Sprites/AnimatedSprites/Enemies/Gunner/Cutscene/Background/Gunner_INTRO_DOORONLY_00032.png using Guid(0d74c9e3228b65d44934cf76a49ea38b) Importer(815301076,1909f56bfc062723c751e8b465ee728b)  -> (artifact id: '81d0f08c0a52010dee16b2e3eeffc6f6') in 0.012686 seconds 
  Import took 0.016282 seconds .

========================================================================
Received Import Request.
  Time since last request: 286.697910 seconds.
  path: Assets/2DGamekit/Audio
  artifactKey: Guid(adf29e45b61d80446b5446eb62eac8c4) Importer(815301076,1909f56bfc062723c751e8b465ee728b)
Start importing Assets/2DGamekit/Audio using Guid(adf29e45b61d80446b5446eb62eac8c4) Importer(815301076,1909f56bfc062723c751e8b465ee728b)  -> (artifact id: '68abd4094b12bac1fc1fb56cc5084de9') in 0.001619 seconds 
  Import took 0.004789 seconds .

========================================================================
Received Import Request.
  Time since last request: 11.509279 seconds.
  path: Assets/2DGamekit/Audio/Interactables
  artifactKey: Guid(4c1f86022dcb91f45a0a17ad7b8e4e84) Importer(815301076,1909f56bfc062723c751e8b465ee728b)
Start importing Assets/2DGamekit/Audio/Interactables using Guid(4c1f86022dcb91f45a0a17ad7b8e4e84) Importer(815301076,1909f56bfc062723c751e8b465ee728b)  -> (artifact id: '864231c77764e84e03d98d8d4dd254d4') in 0.001927 seconds 
  Import took 0.005006 seconds .

========================================================================
Received Import Request.
  Time since last request: 0.223017 seconds.
  path: Assets/2DGamekit/Audio/Interactables/CrateSmash.ogg
  artifactKey: Guid(707ed9e4e72dc5f4da4f6d6e67e3bb7d) Importer(815301076,1909f56bfc062723c751e8b465ee728b)
Start importing Assets/2DGamekit/Audio/Interactables/CrateSmash.ogg using Guid(707ed9e4e72dc5f4da4f6d6e67e3bb7d) Importer(815301076,1909f56bfc062723c751e8b465ee728b)  -> (artifact id: '3355946afbce93394310becf579d7b11') in 0.284015 seconds 
  Import took 0.290921 seconds .

========================================================================
Received Import Request.
  Time since last request: 0.000306 seconds.
  path: Assets/2DGamekit/Audio/Interactables/SwitchRespawnPushableActivated.ogg
  artifactKey: Guid(e391f1710c801204bb081b9a0eee5aff) Importer(815301076,1909f56bfc062723c751e8b465ee728b)
Start importing Assets/2DGamekit/Audio/Interactables/SwitchRespawnPushableActivated.ogg using Guid(e391f1710c801204bb081b9a0eee5aff) Importer(815301076,1909f56bfc062723c751e8b465ee728b)  -> (artifact id: '155ddd94aea01dc22d00ed7f61e5d9e1') in 0.008853 seconds 
  Import took 0.012153 seconds .

========================================================================
Received Import Request.
  Time since last request: 0.000167 seconds.
  path: Assets/2DGamekit/Audio/Interactables/DestructableWall02.ogg
  artifactKey: Guid(3698c001a4b99aa43aa3750a1c33b979) Importer(815301076,1909f56bfc062723c751e8b465ee728b)
Start importing Assets/2DGamekit/Audio/Interactables/DestructableWall02.ogg using Guid(3698c001a4b99aa43aa3750a1c33b979) Importer(815301076,1909f56bfc062723c751e8b465ee728b)  -> (artifact id: '05a87f28cb882001d0c70e0f12d440ed') in 0.006101 seconds 
  Import took 0.008842 seconds .

========================================================================
Received Import Request.
  Time since last request: 0.000172 seconds.
  path: Assets/2DGamekit/Audio/Interactables/LargeStoneDoorClose.ogg
  artifactKey: Guid(7becb89340f2f17449ac17e519d0fdb8) Importer(815301076,1909f56bfc062723c751e8b465ee728b)
Start importing Assets/2DGamekit/Audio/Interactables/LargeStoneDoorClose.ogg using Guid(7becb89340f2f17449ac17e519d0fdb8) Importer(815301076,1909f56bfc062723c751e8b465ee728b)  -> (artifact id: 'c3c3360110f4ce7f5ec90a17ff0e42dc') in 0.007380 seconds 
  Import took 0.010742 seconds .

========================================================================
Received Import Request.
  Time since last request: 0.000269 seconds.
  path: Assets/2DGamekit/Audio/Interactables/PushClayBoxLoop.ogg
  artifactKey: Guid(147f688959ed7d9448f171f2fb12893d) Importer(815301076,1909f56bfc062723c751e8b465ee728b)
Start importing Assets/2DGamekit/Audio/Interactables/PushClayBoxLoop.ogg using Guid(147f688959ed7d9448f171f2fb12893d) Importer(815301076,1909f56bfc062723c751e8b465ee728b)  -> (artifact id: 'c2879cd611479eeb6ee4434854e01ee6') in 0.006890 seconds 
  Import took 0.009823 seconds .

========================================================================
Received Import Request.
  Time since last request: 0.000156 seconds.
  path: Assets/2DGamekit/Audio/Interactables/SmallStoneDoorOpen.ogg
  artifactKey: Guid(cb156046599a9b64286ca926520b9da4) Importer(815301076,1909f56bfc062723c751e8b465ee728b)
Start importing Assets/2DGamekit/Audio/Interactables/SmallStoneDoorOpen.ogg using Guid(cb156046599a9b64286ca926520b9da4) Importer(815301076,1909f56bfc062723c751e8b465ee728b)  -> (artifact id: '40ab3804fdf9164bc603ea5d5b6ca670') in 0.006135 seconds 
  Import took 0.008741 seconds .

========================================================================
Received Import Request.
  Time since last request: 0.000158 seconds.
  path: Assets/2DGamekit/Audio/Interactables/HealthPickup.ogg
  artifactKey: Guid(8d331b50969371c4db3319a915ef2cad) Importer(815301076,1909f56bfc062723c751e8b465ee728b)
Start importing Assets/2DGamekit/Audio/Interactables/HealthPickup.ogg using Guid(8d331b50969371c4db3319a915ef2cad) Importer(815301076,1909f56bfc062723c751e8b465ee728b)  -> (artifact id: 'a2c6795f56ce72b45d00b6e7f3039eb8') in 0.006054 seconds 
  Import took 0.008682 seconds .

========================================================================
Received Import Request.
  Time since last request: 0.000269 seconds.
  path: Assets/2DGamekit/Audio/Interactables/MovingPlatformLoop.ogg
  artifactKey: Guid(eab9a0a14da60e849adb421b97581aa8) Importer(815301076,1909f56bfc062723c751e8b465ee728b)
Start importing Assets/2DGamekit/Audio/Interactables/MovingPlatformLoop.ogg using Guid(eab9a0a14da60e849adb421b97581aa8) Importer(815301076,1909f56bfc062723c751e8b465ee728b)  -> (artifact id: 'ef75f13e9244e97110ddeda2f881065d') in 0.006273 seconds 
  Import took 0.009558 seconds .

========================================================================
Received Import Request.
  Time since last request: 0.000177 seconds.
  path: Assets/2DGamekit/Audio/Interactables/PushClayBoxEnd.ogg
  artifactKey: Guid(363b1e9e5a7b00c42b3b4400865d45d4) Importer(815301076,1909f56bfc062723c751e8b465ee728b)
Start importing Assets/2DGamekit/Audio/Interactables/PushClayBoxEnd.ogg using Guid(363b1e9e5a7b00c42b3b4400865d45d4) Importer(815301076,1909f56bfc062723c751e8b465ee728b)  -> (artifact id: '92778772c44fd6a840674918f4b0840b') in 0.005624 seconds 
  Import took 0.008443 seconds .

========================================================================
Received Import Request.
  Time since last request: 0.000192 seconds.
  path: Assets/2DGamekit/Audio/Interactables/TeleportLoop.ogg
  artifactKey: Guid(eb9913efb3825f3488667a73f532fd30) Importer(815301076,1909f56bfc062723c751e8b465ee728b)
Start importing Assets/2DGamekit/Audio/Interactables/TeleportLoop.ogg using Guid(eb9913efb3825f3488667a73f532fd30) Importer(815301076,1909f56bfc062723c751e8b465ee728b)  -> (artifact id: '3da6b16d0c2bb38df3f70aa0c3cb45ac') in 0.005769 seconds 
  Import took 0.008649 seconds .

========================================================================
Received Import Request.
  Time since last request: 0.000167 seconds.
  path: Assets/2DGamekit/Audio/Interactables/TeleportUse.ogg
  artifactKey: Guid(0cce91cb3c5bf814e805233571eab8ea) Importer(815301076,1909f56bfc062723c751e8b465ee728b)
Start importing Assets/2DGamekit/Audio/Interactables/TeleportUse.ogg using Guid(0cce91cb3c5bf814e805233571eab8ea) Importer(815301076,1909f56bfc062723c751e8b465ee728b)  -> (artifact id: '47ddeea183b957a4da72f7db13581a29') in 0.007056 seconds 
  Import took 0.009983 seconds .

========================================================================
Received Import Request.
  Time since last request: 0.000170 seconds.
  path: Assets/2DGamekit/Audio/Interactables/DestructableWall01.ogg
  artifactKey: Guid(1300167911a825e4f8920368b94bb0d1) Importer(815301076,1909f56bfc062723c751e8b465ee728b)
Start importing Assets/2DGamekit/Audio/Interactables/DestructableWall01.ogg using Guid(1300167911a825e4f8920368b94bb0d1) Importer(815301076,1909f56bfc062723c751e8b465ee728b)  -> (artifact id: 'aa1cd97a261ddeb2ed7a89d90a6bb75d') in 0.007983 seconds 
  Import took 0.011615 seconds .

========================================================================
Received Import Request.
  Time since last request: 0.000288 seconds.
  path: Assets/2DGamekit/Audio/Interactables/SwitchShieldUpActivated.ogg
  artifactKey: Guid(5efaa944cc7cece4996b86725256962b) Importer(815301076,1909f56bfc062723c751e8b465ee728b)
Start importing Assets/2DGamekit/Audio/Interactables/SwitchShieldUpActivated.ogg using Guid(5efaa944cc7cece4996b86725256962b) Importer(815301076,1909f56bfc062723c751e8b465ee728b)  -> (artifact id: '372201e37a07d368d75ebd2b3cc3e85f') in 0.006250 seconds 
  Import took 0.009858 seconds .

========================================================================
Received Import Request.
  Time since last request: 0.000171 seconds.
  path: Assets/2DGamekit/Audio/Interactables/SpaceShotgun.ogg
  artifactKey: Guid(bb1f878fc28034454b87b03dca70c85e) Importer(815301076,1909f56bfc062723c751e8b465ee728b)
Start importing Assets/2DGamekit/Audio/Interactables/SpaceShotgun.ogg using Guid(bb1f878fc28034454b87b03dca70c85e) Importer(815301076,1909f56bfc062723c751e8b465ee728b)  -> (artifact id: 'ba27dbc59055c305e5cecd887cbccd0a') in 0.005899 seconds 
  Import took 0.009198 seconds .

========================================================================
Received Import Request.
  Time since last request: 0.000184 seconds.
  path: Assets/2DGamekit/Audio/Interactables/LargeStoneDoorOpen.ogg
  artifactKey: Guid(1a7710861fe86484fb73f4131c5bb3f8) Importer(815301076,1909f56bfc062723c751e8b465ee728b)
Start importing Assets/2DGamekit/Audio/Interactables/LargeStoneDoorOpen.ogg using Guid(1a7710861fe86484fb73f4131c5bb3f8) Importer(815301076,1909f56bfc062723c751e8b465ee728b)  -> (artifact id: 'a300caaa08baf56c8de53110e8d13293') in 0.009354 seconds 
  Import took 0.012442 seconds .

========================================================================
Received Import Request.
  Time since last request: 0.000237 seconds.
  path: Assets/2DGamekit/Audio/Interactables/PressurePad.ogg
  artifactKey: Guid(f911838f7d8347b47b1c821f6d3c98fc) Importer(815301076,1909f56bfc062723c751e8b465ee728b)
Start importing Assets/2DGamekit/Audio/Interactables/PressurePad.ogg using Guid(f911838f7d8347b47b1c821f6d3c98fc) Importer(815301076,1909f56bfc062723c751e8b465ee728b)  -> (artifact id: 'cf1b71eace467c84333990fc39bea8d7') in 0.007035 seconds 
  Import took 0.009902 seconds .

========================================================================
Received Import Request.
  Time since last request: 0.000195 seconds.
  path: Assets/2DGamekit/Audio/Interactables/GenericPickup.ogg
  artifactKey: Guid(d76c71e98617e1c41a5cdc490eb1bee1) Importer(815301076,1909f56bfc062723c751e8b465ee728b)
Start importing Assets/2DGamekit/Audio/Interactables/GenericPickup.ogg using Guid(d76c71e98617e1c41a5cdc490eb1bee1) Importer(815301076,1909f56bfc062723c751e8b465ee728b)  -> (artifact id: 'c041808189da43c88067aa9ba69929a4') in 0.006960 seconds 
  Import took 0.010101 seconds .

========================================================================
Received Import Request.
  Time since last request: 0.000149 seconds.
  path: Assets/2DGamekit/Audio/Interactables/SwitchActivated.ogg
  artifactKey: Guid(335c62a6fbfebf84d821d960b0c5abaa) Importer(815301076,1909f56bfc062723c751e8b465ee728b)
Start importing Assets/2DGamekit/Audio/Interactables/SwitchActivated.ogg using Guid(335c62a6fbfebf84d821d960b0c5abaa) Importer(815301076,1909f56bfc062723c751e8b465ee728b)  -> (artifact id: 'db4bcd57aa682d5b1df84ea0a59e4839') in 0.005923 seconds 
  Import took 0.008866 seconds .

========================================================================
Received Prepare
Registering precompiled user dll's ...
Registered in 0.003625 seconds.
Begin MonoManager ReloadAssembly
Native extension for OSXStandalone target not found
Refreshing native plugins compatible for Editor in 0.50 ms, found 2 plugins.
Preloading 0 native plugins for Editor in 0.00 ms.
Mono: successfully reloaded assembly
- Completed reload, in  0.958 seconds
Domain Reload Profiling:
	ReloadAssembly (958ms)
		BeginReloadAssembly (106ms)
			ExecutionOrderSort (0ms)
			DisableScriptedObjects (5ms)
			BackupInstance (0ms)
			ReleaseScriptingObjects (0ms)
			CreateAndSetChildDomain (51ms)
		EndReloadAssembly (798ms)
			LoadAssemblies (61ms)
			RebuildTransferFunctionScriptingTraits (0ms)
			SetupTypeCache (287ms)
			ReleaseScriptCaches (1ms)
			RebuildScriptCaches (44ms)
			SetupLoadedEditorAssemblies (275ms)
				LogAssemblyErrors (0ms)
				InitializePlatformSupportModulesInManaged (4ms)
				SetLoadedEditorAssemblies (0ms)
				RefreshPlugins (1ms)
				BeforeProcessingInitializeOnLoad (78ms)
				ProcessInitializeOnLoadAttributes (182ms)
				ProcessInitializeOnLoadMethodAttributes (9ms)
				AfterProcessingInitializeOnLoad (1ms)
				EditorAssembliesLoaded (0ms)
			ExecutionOrderSort2 (0ms)
			AwakeInstancesAfterBackupRestoration (12ms)
Platform modules already initialized, skipping
Refreshing native plugins compatible for Editor in 0.55 ms, found 2 plugins.
Preloading 0 native plugins for Editor in 0.00 ms.
Unloading 1995 Unused Serialized files (Serialized files now loaded: 0)
System memory in use before: 227.4 MB.
System memory in use after: 227.6 MB.

Unloading 15 unused Assets to reduce memory usage. Loaded Objects now: 2609.
Total: 2.802822 ms (FindLiveObjects: 0.137048 ms CreateObjectMapping: 0.057683 ms MarkObjects: 2.594448 ms  DeleteObjects: 0.012901 ms)

AssetImportParameters requested are different than current active one (requested -> active):
  custom:video-decoder-ogg-theora: a1e56fd34408186e4bbccfd4996cb3dc -> 
  custom:container-muxer-webm: aa71ff27fc2769a1b78a27578f13a17b -> 
  custom:container-demuxer-webm: 4f35f7cbe854078d1ac9338744f61a02 -> 
  custom:container-demuxer-ogg: 62fdf1f143b41e24485cea50d1cbac27 -> 
  custom:video-encoder-webm-vp8: eb34c28f22e8b96e1ab97ce403110664 -> 
  custom:framework-osx-AVFoundation: e770b220cccbd017edd2c1fefb359320 -> 
  custom:video-decoder-webm-vp8: 9c59270c3fd7afecdb556c50c9e8de78 -> 
  custom:audio-decoder-ogg-vorbis: bf7c407c2cedff20999df2af8eb42d56 -> 
  custom:audio-encoder-webm-vorbis: bf7c407c2cedff20999df2af8eb42d56 -> 
========================================================================
Received Prepare
Registering precompiled user dll's ...
Registered in 0.001771 seconds.
Begin MonoManager ReloadAssembly
Native extension for OSXStandalone target not found
Refreshing native plugins compatible for Editor in 0.50 ms, found 2 plugins.
Preloading 0 native plugins for Editor in 0.00 ms.
Mono: successfully reloaded assembly
- Completed reload, in  0.986 seconds
Domain Reload Profiling:
	ReloadAssembly (986ms)
		BeginReloadAssembly (103ms)
			ExecutionOrderSort (0ms)
			DisableScriptedObjects (5ms)
			BackupInstance (0ms)
			ReleaseScriptingObjects (0ms)
			CreateAndSetChildDomain (50ms)
		EndReloadAssembly (827ms)
			LoadAssemblies (63ms)
			RebuildTransferFunctionScriptingTraits (0ms)
			SetupTypeCache (302ms)
			ReleaseScriptCaches (1ms)
			RebuildScriptCaches (45ms)
			SetupLoadedEditorAssemblies (281ms)
				LogAssemblyErrors (0ms)
				InitializePlatformSupportModulesInManaged (4ms)
				SetLoadedEditorAssemblies (0ms)
				RefreshPlugins (1ms)
				BeforeProcessingInitializeOnLoad (81ms)
				ProcessInitializeOnLoadAttributes (185ms)
				ProcessInitializeOnLoadMethodAttributes (9ms)
				AfterProcessingInitializeOnLoad (1ms)
				EditorAssembliesLoaded (0ms)
			ExecutionOrderSort2 (0ms)
			AwakeInstancesAfterBackupRestoration (13ms)
Platform modules already initialized, skipping
Refreshing native plugins compatible for Editor in 0.52 ms, found 2 plugins.
Preloading 0 native plugins for Editor in 0.00 ms.
Unloading 1995 Unused Serialized files (Serialized files now loaded: 0)
System memory in use before: 227.7 MB.
System memory in use after: 227.9 MB.

Unloading 15 unused Assets to reduce memory usage. Loaded Objects now: 2622.
Total: 2.386699 ms (FindLiveObjects: 0.133735 ms CreateObjectMapping: 0.056086 ms MarkObjects: 2.183738 ms  DeleteObjects: 0.012399 ms)

AssetImportParameters requested are different than current active one (requested -> active):
  custom:video-decoder-ogg-theora: a1e56fd34408186e4bbccfd4996cb3dc -> 
  custom:container-muxer-webm: aa71ff27fc2769a1b78a27578f13a17b -> 
  custom:container-demuxer-webm: 4f35f7cbe854078d1ac9338744f61a02 -> 
  custom:container-demuxer-ogg: 62fdf1f143b41e24485cea50d1cbac27 -> 
  custom:video-encoder-webm-vp8: eb34c28f22e8b96e1ab97ce403110664 -> 
  custom:framework-osx-AVFoundation: e770b220cccbd017edd2c1fefb359320 -> 
  custom:video-decoder-webm-vp8: 9c59270c3fd7afecdb556c50c9e8de78 -> 
  custom:audio-decoder-ogg-vorbis: bf7c407c2cedff20999df2af8eb42d56 -> 
  custom:audio-encoder-webm-vorbis: bf7c407c2cedff20999df2af8eb42d56 -> 
========================================================================
Received Import Request.
  Time since last request: 917.733125 seconds.
  path: Assets/2DGamekit/Prefabs/UIPrefabs
  artifactKey: Guid(77c866576619f784e8ee9165ec160249) Importer(815301076,1909f56bfc062723c751e8b465ee728b)
Start importing Assets/2DGamekit/Prefabs/UIPrefabs using Guid(77c866576619f784e8ee9165ec160249) Importer(815301076,1909f56bfc062723c751e8b465ee728b)  -> (artifact id: '2a7f4641e8bc57cdd47de503e5253f0d') in 0.003593 seconds 
  Import took 0.006795 seconds .

========================================================================
Received Import Request.
  Time since last request: 0.179477 seconds.
  path: Assets/2DGamekit/Prefabs/UIPrefabs/DialogueCanvas.prefab
  artifactKey: Guid(114c5f41fd4099445a42c1d9bd01f222) Importer(815301076,1909f56bfc062723c751e8b465ee728b)
Start importing Assets/2DGamekit/Prefabs/UIPrefabs/DialogueCanvas.prefab using Guid(114c5f41fd4099445a42c1d9bd01f222) Importer(815301076,1909f56bfc062723c751e8b465ee728b)  -> (artifact id: '1232391717d3a133e511c4589c71dcf6') in 0.052008 seconds 
  Import took 0.055613 seconds .

========================================================================
Received Import Request.
  Time since last request: 0.000205 seconds.
  path: Assets/2DGamekit/Prefabs/UIPrefabs/UICloseButton.prefab
  artifactKey: Guid(1fb5ab3aabaef0c43ae0f9bc9882feb4) Importer(815301076,1909f56bfc062723c751e8b465ee728b)
Start importing Assets/2DGamekit/Prefabs/UIPrefabs/UICloseButton.prefab using Guid(1fb5ab3aabaef0c43ae0f9bc9882feb4) Importer(815301076,1909f56bfc062723c751e8b465ee728b)  -> (artifact id: '090174ec84a0ec0582c62668145b7b11') in 0.018211 seconds 
  Import took 0.020843 seconds .

========================================================================
Received Import Request.
  Time since last request: 0.000222 seconds.
  path: Assets/2DGamekit/Prefabs/UIPrefabs/LoadingCanvas.prefab
  artifactKey: Guid(83d0619896c6b844c852388c2502727f) Importer(815301076,1909f56bfc062723c751e8b465ee728b)
Start importing Assets/2DGamekit/Prefabs/UIPrefabs/LoadingCanvas.prefab using Guid(83d0619896c6b844c852388c2502727f) Importer(815301076,1909f56bfc062723c751e8b465ee728b)  -> (artifact id: '58e5eadd8503f862a4bb11e0dba77ddf') in 0.003469 seconds 
  Import took 0.006271 seconds .

========================================================================
Received Import Request.
  Time since last request: 0.000180 seconds.
  path: Assets/2DGamekit/Prefabs/UIPrefabs/OptionsCanvas.prefab
  artifactKey: Guid(28fdaedf686cb394ba208418f1942254) Importer(815301076,1909f56bfc062723c751e8b465ee728b)
Start importing Assets/2DGamekit/Prefabs/UIPrefabs/OptionsCanvas.prefab using Guid(28fdaedf686cb394ba208418f1942254) Importer(815301076,1909f56bfc062723c751e8b465ee728b)  -> (artifact id: '5b5a0693ca4ea8282fe42999cfa8c8d3') in 0.027480 seconds 
  Import took 0.030577 seconds .

========================================================================
Received Import Request.
  Time since last request: 0.000219 seconds.
  path: Assets/2DGamekit/Prefabs/UIPrefabs/UICanvas.prefab
  artifactKey: Guid(eb72f36523dcf684f9ca37da45adfa76) Importer(815301076,1909f56bfc062723c751e8b465ee728b)
Start importing Assets/2DGamekit/Prefabs/UIPrefabs/UICanvas.prefab using Guid(eb72f36523dcf684f9ca37da45adfa76) Importer(815301076,1909f56bfc062723c751e8b465ee728b)  -> (artifact id: '42a3970463130cd4751ce8bf55e46e13') in 0.014829 seconds 
  Import took 0.017770 seconds .

========================================================================
Received Import Request.
  Time since last request: 0.000225 seconds.
  path: Assets/2DGamekit/Prefabs/UIPrefabs/PanelCanvas.prefab
  artifactKey: Guid(2208ab824ba66ab4eaafed9162a13177) Importer(815301076,1909f56bfc062723c751e8b465ee728b)
Start importing Assets/2DGamekit/Prefabs/UIPrefabs/PanelCanvas.prefab using Guid(2208ab824ba66ab4eaafed9162a13177) Importer(815301076,1909f56bfc062723c751e8b465ee728b)  -> (artifact id: '6a3ddd8b080b7da0242f8d2e479076a6') in 0.010486 seconds 
  Import took 0.013528 seconds .

========================================================================
Received Import Request.
  Time since last request: 0.000163 seconds.
  path: Assets/2DGamekit/Prefabs/UIPrefabs/HealthCanvas.prefab
  artifactKey: Guid(2d2745d2a8668e644a921a4848c9bc90) Importer(815301076,1909f56bfc062723c751e8b465ee728b)
Start importing Assets/2DGamekit/Prefabs/UIPrefabs/HealthCanvas.prefab using Guid(2d2745d2a8668e644a921a4848c9bc90) Importer(815301076,1909f56bfc062723c751e8b465ee728b)  -> (artifact id: '294d257cdf322af2f0f86dd7fd9b7b36') in 0.004318 seconds 
  Import took 0.006794 seconds .

========================================================================
Received Import Request.
  Time since last request: 0.000150 seconds.
  path: Assets/2DGamekit/Prefabs/UIPrefabs/HealthIcon.prefab
  artifactKey: Guid(5e2d966f076c6144ba1b3f112e14ede1) Importer(815301076,1909f56bfc062723c751e8b465ee728b)
Start importing Assets/2DGamekit/Prefabs/UIPrefabs/HealthIcon.prefab using Guid(5e2d966f076c6144ba1b3f112e14ede1) Importer(815301076,1909f56bfc062723c751e8b465ee728b)  -> (artifact id: '8eb218da6b0cd81e7f266feb20b1d9c7') in 0.003929 seconds 
  Import took 0.006824 seconds .

========================================================================
Received Import Request.
  Time since last request: 0.000149 seconds.
  path: Assets/2DGamekit/Prefabs/UIPrefabs/UIButton.prefab
  artifactKey: Guid(474f38b7b50d08b45b4c8cda7b98201b) Importer(815301076,1909f56bfc062723c751e8b465ee728b)
Start importing Assets/2DGamekit/Prefabs/UIPrefabs/UIButton.prefab using Guid(474f38b7b50d08b45b4c8cda7b98201b) Importer(815301076,1909f56bfc062723c751e8b465ee728b)  -> (artifact id: 'c4e96bc1fc2640f455d26746ce3b6d2b') in 0.010911 seconds 
  Import took 0.013537 seconds .

========================================================================
Received Import Request.
  Time since last request: 0.000187 seconds.
  path: Assets/2DGamekit/Prefabs/UIPrefabs/GameOverCanvas.prefab
  artifactKey: Guid(2cb597c059c0637489d7a3309e26cb52) Importer(815301076,1909f56bfc062723c751e8b465ee728b)
Start importing Assets/2DGamekit/Prefabs/UIPrefabs/GameOverCanvas.prefab using Guid(2cb597c059c0637489d7a3309e26cb52) Importer(815301076,1909f56bfc062723c751e8b465ee728b)  -> (artifact id: 'ad2f42c948f249fbe96921429de37b4f') in 0.003440 seconds 
  Import took 0.006199 seconds .

========================================================================
Received Prepare
Registering precompiled user dll's ...
Registered in 0.001943 seconds.
Begin MonoManager ReloadAssembly
Native extension for OSXStandalone target not found
Refreshing native plugins compatible for Editor in 0.53 ms, found 2 plugins.
Preloading 0 native plugins for Editor in 0.00 ms.
Mono: successfully reloaded assembly
- Completed reload, in  0.967 seconds
Domain Reload Profiling:
	ReloadAssembly (968ms)
		BeginReloadAssembly (101ms)
			ExecutionOrderSort (0ms)
			DisableScriptedObjects (5ms)
			BackupInstance (0ms)
			ReleaseScriptingObjects (0ms)
			CreateAndSetChildDomain (50ms)
		EndReloadAssembly (814ms)
			LoadAssemblies (61ms)
			RebuildTransferFunctionScriptingTraits (0ms)
			SetupTypeCache (297ms)
			ReleaseScriptCaches (1ms)
			RebuildScriptCaches (46ms)
			SetupLoadedEditorAssemblies (275ms)
				LogAssemblyErrors (0ms)
				InitializePlatformSupportModulesInManaged (4ms)
				SetLoadedEditorAssemblies (0ms)
				RefreshPlugins (1ms)
				BeforeProcessingInitializeOnLoad (79ms)
				ProcessInitializeOnLoadAttributes (181ms)
				ProcessInitializeOnLoadMethodAttributes (9ms)
				AfterProcessingInitializeOnLoad (1ms)
				EditorAssembliesLoaded (0ms)
			ExecutionOrderSort2 (0ms)
			AwakeInstancesAfterBackupRestoration (13ms)
Platform modules already initialized, skipping
Refreshing native plugins compatible for Editor in 0.51 ms, found 2 plugins.
Preloading 0 native plugins for Editor in 0.00 ms.
Unloading 1995 Unused Serialized files (Serialized files now loaded: 0)
System memory in use before: 228.1 MB.
System memory in use after: 228.2 MB.

Unloading 16 unused Assets to reduce memory usage. Loaded Objects now: 2635.
Total: 2.566030 ms (FindLiveObjects: 0.200822 ms CreateObjectMapping: 0.105352 ms MarkObjects: 2.245222 ms  DeleteObjects: 0.014130 ms)

AssetImportParameters requested are different than current active one (requested -> active):
  custom:video-decoder-ogg-theora: a1e56fd34408186e4bbccfd4996cb3dc -> 
  custom:container-muxer-webm: aa71ff27fc2769a1b78a27578f13a17b -> 
  custom:container-demuxer-webm: 4f35f7cbe854078d1ac9338744f61a02 -> 
  custom:container-demuxer-ogg: 62fdf1f143b41e24485cea50d1cbac27 -> 
  custom:video-encoder-webm-vp8: eb34c28f22e8b96e1ab97ce403110664 -> 
  custom:framework-osx-AVFoundation: e770b220cccbd017edd2c1fefb359320 -> 
  custom:video-decoder-webm-vp8: 9c59270c3fd7afecdb556c50c9e8de78 -> 
  custom:audio-decoder-ogg-vorbis: bf7c407c2cedff20999df2af8eb42d56 -> 
  custom:audio-encoder-webm-vorbis: bf7c407c2cedff20999df2af8eb42d56 -> 
AssetImportWorkerClient::OnTransportError - code=2 error=End of file
